<?xml version="1.0" encoding="UTF-8"?>
<coverage generated="1600360447145" clover="3.2.0">
  <project timestamp="1600360447145" name="All files">
    <metrics statements="31" coveredstatements="25" conditionals="10" coveredconditionals="9" methods="12" coveredmethods="7" elements="53" coveredelements="41" complexity="0" loc="31" ncloc="31" packages="3" files="4" classes="4"/>
    <package name="src">
      <metrics statements="7" coveredstatements="6" conditionals="2" coveredconditionals="1" methods="2" coveredmethods="2"/>
      <file name="server.js" path="/Users/antoineaudrain/Documents/Workspace/boilerplate-apollo-server/server/src/server.js">
        <metrics statements="7" coveredstatements="6" conditionals="2" coveredconditionals="1" methods="2" coveredmethods="2"/>
        <line num="7" count="1" type="stmt"/>
        <line num="11" count="1" type="stmt"/>
        <line num="15" count="7" type="stmt"/>
        <line num="16" count="7" type="stmt"/>
        <line num="17" count="7" type="cond" truecount="1" falsecount="1"/>
        <line num="18" count="0" type="stmt"/>
        <line num="20" count="7" type="stmt"/>
      </file>
    </package>
    <package name="src.resolvers">
      <metrics statements="17" coveredstatements="16" conditionals="8" coveredconditionals="8" methods="6" coveredmethods="5"/>
      <file name="index.js" path="/Users/antoineaudrain/Documents/Workspace/boilerplate-apollo-server/server/src/resolvers/index.js">
        <metrics statements="2" coveredstatements="2" conditionals="0" coveredconditionals="0" methods="2" coveredmethods="2"/>
        <line num="3" count="1" type="stmt"/>
        <line num="4" count="1" type="stmt"/>
      </file>
      <file name="user.js" path="/Users/antoineaudrain/Documents/Workspace/boilerplate-apollo-server/server/src/resolvers/user.js">
        <metrics statements="15" coveredstatements="14" conditionals="8" coveredconditionals="8" methods="4" coveredmethods="3"/>
        <line num="4" count="1" type="stmt"/>
        <line num="7" count="2" type="cond" truecount="2" falsecount="0"/>
        <line num="8" count="1" type="stmt"/>
        <line num="14" count="1" type="stmt"/>
        <line num="17" count="1" type="stmt"/>
        <line num="31" count="1" type="stmt"/>
        <line num="46" count="0" type="stmt"/>
        <line num="51" count="4" type="stmt"/>
        <line num="52" count="4" type="cond" truecount="2" falsecount="0"/>
        <line num="53" count="1" type="stmt"/>
        <line num="54" count="3" type="cond" truecount="2" falsecount="0"/>
        <line num="55" count="1" type="stmt"/>
        <line num="56" count="2" type="cond" truecount="2" falsecount="0"/>
        <line num="57" count="1" type="stmt"/>
        <line num="60" count="1" type="stmt"/>
      </file>
    </package>
    <package name="src.utils">
      <metrics statements="7" coveredstatements="3" conditionals="0" coveredconditionals="0" methods="4" coveredmethods="0"/>
      <file name="helpers.js" path="/Users/antoineaudrain/Documents/Workspace/boilerplate-apollo-server/server/src/utils/helpers.js">
        <metrics statements="7" coveredstatements="3" conditionals="0" coveredconditionals="0" methods="4" coveredmethods="0"/>
        <line num="4" count="1" type="stmt"/>
        <line num="6" count="0" type="stmt"/>
        <line num="8" count="0" type="stmt"/>
        <line num="12" count="1" type="stmt"/>
        <line num="13" count="0" type="stmt"/>
        <line num="14" count="0" type="stmt"/>
        <line num="17" count="1" type="stmt"/>
      </file>
    </package>
  </project>
</coverage>
