{"/Users/antoineaudrain/Documents/Workspace/boilerplate-apollo-server/server/src/server.js": {"path":"/Users/antoineaudrain/Documents/Workspace/boilerplate-apollo-server/server/src/server.js","statementMap":{"0":{"start":{"line":7,"column":25},"end":{"line":7,"column":50}},"1":{"start":{"line":11,"column":4},"end":{"line":11,"column":54}},"2":{"start":{"line":15,"column":20},"end":{"line":15,"column":22}},"3":{"start":{"line":16,"column":26},"end":{"line":16,"column":53}},"4":{"start":{"line":17,"column":4},"end":{"line":19,"column":5}},"5":{"start":{"line":18,"column":6},"end":{"line":18,"column":66}},"6":{"start":{"line":20,"column":4},"end":{"line":20,"column":18}}},"fnMap":{"0":{"name":"(anonymous_0)","decl":{"start":{"line":10,"column":46},"end":{"line":10,"column":47}},"loc":{"start":{"line":11,"column":4},"end":{"line":11,"column":54}},"line":11},"1":{"name":"(anonymous_1)","decl":{"start":{"line":14,"column":11},"end":{"line":14,"column":12}},"loc":{"start":{"line":14,"column":30},"end":{"line":21,"column":3}},"line":14}},"branchMap":{"0":{"loc":{"start":{"line":17,"column":4},"end":{"line":19,"column":5}},"type":"if","locations":[{"start":{"line":17,"column":4},"end":{"line":19,"column":5}},{"start":{"line":17,"column":4},"end":{"line":19,"column":5}}],"line":17}},"s":{"0":1,"1":1,"2":7,"3":7,"4":7,"5":0,"6":7},"f":{"0":1,"1":7},"b":{"0":[0,7]},"_coverageSchema":"1a1c01bbd47fc00a2c39e90264f33305004495a9","hash":"94bcf1748ea28e3b267dd4ae64e6ba5e33c80990"}
,"/Users/antoineaudrain/Documents/Workspace/boilerplate-apollo-server/server/src/resolvers/index.js": {"path":"/Users/antoineaudrain/Documents/Workspace/boilerplate-apollo-server/server/src/resolvers/index.js","statementMap":{"0":{"start":{"line":3,"column":23},"end":{"line":11,"column":1}},"1":{"start":{"line":3,"column":38},"end":{"line":11,"column":1}},"2":{"start":{"line":4,"column":57},"end":{"line":9,"column":3}}},"fnMap":{"0":{"name":"(anonymous_0)","decl":{"start":{"line":3,"column":23},"end":{"line":3,"column":24}},"loc":{"start":{"line":3,"column":38},"end":{"line":11,"column":1}},"line":3},"1":{"name":"(anonymous_1)","decl":{"start":{"line":4,"column":2},"end":{"line":4,"column":3}},"loc":{"start":{"line":4,"column":57},"end":{"line":9,"column":3}},"line":4}},"branchMap":{},"s":{"0":1,"1":1,"2":1},"f":{"0":1,"1":1},"b":{},"_coverageSchema":"1a1c01bbd47fc00a2c39e90264f33305004495a9","hash":"0e196bd3e844770ba379fc63e7f7bee68fa0f0d0"}
,"/Users/antoineaudrain/Documents/Workspace/boilerplate-apollo-server/server/src/resolvers/user.js": {"path":"/Users/antoineaudrain/Documents/Workspace/boilerplate-apollo-server/server/src/resolvers/user.js","statementMap":{"0":{"start":{"line":4,"column":21},"end":{"line":29,"column":1}},"1":{"start":{"line":7,"column":4},"end":{"line":13,"column":5}},"2":{"start":{"line":8,"column":6},"end":{"line":12,"column":7}},"3":{"start":{"line":14,"column":4},"end":{"line":14,"column":29}},"4":{"start":{"line":17,"column":30},"end":{"line":28,"column":3}},"5":{"start":{"line":31,"column":24},"end":{"line":68,"column":1}},"6":{"start":{"line":46,"column":4},"end":{"line":46,"column":46}},"7":{"start":{"line":51,"column":42},"end":{"line":51,"column":47}},"8":{"start":{"line":52,"column":4},"end":{"line":58,"column":5}},"9":{"start":{"line":53,"column":6},"end":{"line":53,"column":33}},"10":{"start":{"line":54,"column":11},"end":{"line":58,"column":5}},"11":{"start":{"line":55,"column":6},"end":{"line":55,"column":36}},"12":{"start":{"line":56,"column":11},"end":{"line":58,"column":5}},"13":{"start":{"line":57,"column":6},"end":{"line":57,"column":66}},"14":{"start":{"line":60,"column":4},"end":{"line":66,"column":5}}},"fnMap":{"0":{"name":"(anonymous_0)","decl":{"start":{"line":6,"column":11},"end":{"line":6,"column":12}},"loc":{"start":{"line":6,"column":31},"end":{"line":15,"column":3}},"line":6},"1":{"name":"(anonymous_1)","decl":{"start":{"line":17,"column":12},"end":{"line":17,"column":13}},"loc":{"start":{"line":17,"column":30},"end":{"line":28,"column":3}},"line":17},"2":{"name":"(anonymous_2)","decl":{"start":{"line":33,"column":9},"end":{"line":33,"column":10}},"loc":{"start":{"line":33,"column":38},"end":{"line":47,"column":3}},"line":33},"3":{"name":"(anonymous_3)","decl":{"start":{"line":49,"column":12},"end":{"line":49,"column":13}},"loc":{"start":{"line":49,"column":41},"end":{"line":67,"column":3}},"line":49}},"branchMap":{"0":{"loc":{"start":{"line":7,"column":4},"end":{"line":13,"column":5}},"type":"if","locations":[{"start":{"line":7,"column":4},"end":{"line":13,"column":5}},{"start":{"line":7,"column":4},"end":{"line":13,"column":5}}],"line":7},"1":{"loc":{"start":{"line":52,"column":4},"end":{"line":58,"column":5}},"type":"if","locations":[{"start":{"line":52,"column":4},"end":{"line":58,"column":5}},{"start":{"line":52,"column":4},"end":{"line":58,"column":5}}],"line":52},"2":{"loc":{"start":{"line":54,"column":11},"end":{"line":58,"column":5}},"type":"if","locations":[{"start":{"line":54,"column":11},"end":{"line":58,"column":5}},{"start":{"line":54,"column":11},"end":{"line":58,"column":5}}],"line":54},"3":{"loc":{"start":{"line":56,"column":11},"end":{"line":58,"column":5}},"type":"if","locations":[{"start":{"line":56,"column":11},"end":{"line":58,"column":5}},{"start":{"line":56,"column":11},"end":{"line":58,"column":5}}],"line":56}},"s":{"0":1,"1":2,"2":1,"3":1,"4":1,"5":1,"6":0,"7":4,"8":4,"9":1,"10":3,"11":1,"12":2,"13":1,"14":1},"f":{"0":2,"1":1,"2":0,"3":4},"b":{"0":[1,1],"1":[1,3],"2":[1,2],"3":[1,1]},"_coverageSchema":"1a1c01bbd47fc00a2c39e90264f33305004495a9","hash":"545626bd883b8ec215c2183c79bd4764794286d5"}
,"/Users/antoineaudrain/Documents/Workspace/boilerplate-apollo-server/server/src/utils/helpers.js": {"path":"/Users/antoineaudrain/Documents/Workspace/boilerplate-apollo-server/server/src/utils/helpers.js","statementMap":{"0":{"start":{"line":4,"column":22},"end":{"line":10,"column":1}},"1":{"start":{"line":6,"column":4},"end":{"line":6,"column":68}},"2":{"start":{"line":8,"column":4},"end":{"line":9,"column":68}},"3":{"start":{"line":12,"column":19},"end":{"line":15,"column":1}},"4":{"start":{"line":13,"column":20},"end":{"line":13,"column":72}},"5":{"start":{"line":14,"column":21},"end":{"line":14,"column":55}},"6":{"start":{"line":17,"column":21},"end":{"line":21,"column":1}}},"fnMap":{"0":{"name":"(anonymous_0)","decl":{"start":{"line":5,"column":8},"end":{"line":5,"column":9}},"loc":{"start":{"line":6,"column":4},"end":{"line":6,"column":68}},"line":6},"1":{"name":"(anonymous_1)","decl":{"start":{"line":7,"column":11},"end":{"line":7,"column":12}},"loc":{"start":{"line":8,"column":4},"end":{"line":9,"column":68}},"line":8},"2":{"name":"(anonymous_2)","decl":{"start":{"line":13,"column":10},"end":{"line":13,"column":11}},"loc":{"start":{"line":13,"column":20},"end":{"line":13,"column":72}},"line":13},"3":{"name":"(anonymous_3)","decl":{"start":{"line":14,"column":10},"end":{"line":14,"column":11}},"loc":{"start":{"line":14,"column":21},"end":{"line":14,"column":55}},"line":14}},"branchMap":{},"s":{"0":1,"1":0,"2":0,"3":1,"4":0,"5":0,"6":1},"f":{"0":0,"1":0,"2":0,"3":0},"b":{},"_coverageSchema":"1a1c01bbd47fc00a2c39e90264f33305004495a9","hash":"15cb097d963ec7af1b45e62b4d867d576ebcbcf1"}
}
