TN:
SF:src/server.js
FN:10,(anonymous_0)
FN:14,(anonymous_1)
FNF:2
FNH:2
FNDA:1,(anonymous_0)
FNDA:7,(anonymous_1)
DA:7,1
DA:11,1
DA:15,7
DA:16,7
DA:17,7
DA:18,0
DA:20,7
LF:7
LH:6
BRDA:17,0,0,0
BRDA:17,0,1,7
BRF:2
BRH:1
end_of_record
TN:
SF:src/resolvers/index.js
FN:3,(anonymous_0)
FN:4,(anonymous_1)
FNF:2
FNH:2
FNDA:1,(anonymous_0)
FNDA:1,(anonymous_1)
DA:3,1
DA:4,1
LF:2
LH:2
BRF:0
BRH:0
end_of_record
TN:
SF:src/resolvers/user.js
FN:6,(anonymous_0)
FN:17,(anonymous_1)
FN:33,(anonymous_2)
FN:49,(anonymous_3)
FNF:4
FNH:3
FNDA:2,(anonymous_0)
FNDA:1,(anonymous_1)
FNDA:0,(anonymous_2)
FNDA:4,(anonymous_3)
DA:4,1
DA:7,2
DA:8,1
DA:14,1
DA:17,1
DA:31,1
DA:46,0
DA:51,4
DA:52,4
DA:53,1
DA:54,3
DA:55,1
DA:56,2
DA:57,1
DA:60,1
LF:15
LH:14
BRDA:7,0,0,1
BRDA:7,0,1,1
BRDA:52,1,0,1
BRDA:52,1,1,3
BRDA:54,2,0,1
BRDA:54,2,1,2
BRDA:56,3,0,1
BRDA:56,3,1,1
BRF:8
BRH:8
end_of_record
TN:
SF:src/utils/helpers.js
FN:5,(anonymous_0)
FN:7,(anonymous_1)
FN:13,(anonymous_2)
FN:14,(anonymous_3)
FNF:4
FNH:0
FNDA:0,(anonymous_0)
FNDA:0,(anonymous_1)
FNDA:0,(anonymous_2)
FNDA:0,(anonymous_3)
DA:4,1
DA:6,0
DA:8,0
DA:12,1
DA:13,0
DA:14,0
DA:17,1
LF:7
LH:3
BRF:0
BRH:0
end_of_record
